{"uid":"34e6a1d8cfa7caae","name":"testAssignUserToModule","fullName":"AssignPermissions.testAssignUserToModule","historyId":"26c6cf5b4064ed1b98b5d0e06c349633","time":{"start":1756020179480,"stop":1756020179777,"duration":297},"status":"failed","statusMessage":"expected [2] but found [4]","statusTrace":"java.lang.AssertionError: expected [2] but found [4]\r\n\tat org.testng.Assert.fail(Assert.java:111)\r\n\tat org.testng.Assert.failNotEquals(Assert.java:1578)\r\n\tat org.testng.Assert.assertEqualsImpl(Assert.java:150)\r\n\tat org.testng.Assert.assertEquals(Assert.java:132)\r\n\tat org.testng.Assert.assertEquals(Assert.java:1419)\r\n\tat org.testng.Assert.assertEquals(Assert.java:1383)\r\n\tat org.testng.Assert.assertEquals(Assert.java:1429)\r\n\tat utils.GeneralAssertions.generalAssert(GeneralAssertions.java:12)\r\n\tat AssignPermissions.sendPostRequest(AssignPermissions.java:76)\r\n\tat AssignPermissions.testAssignUserToModule(AssignPermissions.java:137)\r\n\tat java.base/jdk.internal.reflect.DirectMethodHandleAccessor.invoke(DirectMethodHandleAccessor.java:103)\r\n\tat java.base/java.lang.reflect.Method.invoke(Method.java:580)\r\n\tat org.testng.internal.invokers.MethodInvocationHelper.invokeMethod(MethodInvocationHelper.java:141)\r\n\tat org.testng.internal.invokers.TestInvoker.invokeMethod(TestInvoker.java:686)\r\n\tat org.testng.internal.invokers.TestInvoker.invokeTestMethod(TestInvoker.java:230)\r\n\tat org.testng.internal.invokers.MethodRunner.runInSequence(MethodRunner.java:63)\r\n\tat org.testng.internal.invokers.TestInvoker$MethodInvocationAgent.invoke(TestInvoker.java:992)\r\n\tat org.testng.internal.invokers.TestInvoker.invokeTestMethods(TestInvoker.java:203)\r\n\tat org.testng.internal.invokers.TestMethodWorker.invokeTestMethods(TestMethodWorker.java:154)\r\n\tat org.testng.internal.invokers.TestMethodWorker.run(TestMethodWorker.java:134)\r\n\tat java.base/java.util.ArrayList.forEach(ArrayList.java:1597)\r\n\tat org.testng.TestRunner.privateRun(TestRunner.java:739)\r\n\tat org.testng.TestRunner.run(TestRunner.java:614)\r\n\tat org.testng.SuiteRunner.runTest(SuiteRunner.java:421)\r\n\tat org.testng.SuiteRunner.runSequentially(SuiteRunner.java:413)\r\n\tat org.testng.SuiteRunner.privateRun(SuiteRunner.java:373)\r\n\tat org.testng.SuiteRunner.run(SuiteRunner.java:312)\r\n\tat org.testng.SuiteRunnerWorker.runSuite(SuiteRunnerWorker.java:52)\r\n\tat org.testng.SuiteRunnerWorker.run(SuiteRunnerWorker.java:95)\r\n\tat org.testng.TestNG.runSuitesSequentially(TestNG.java:1274)\r\n\tat org.testng.TestNG.runSuitesLocally(TestNG.java:1208)\r\n\tat org.testng.TestNG.runSuites(TestNG.java:1112)\r\n\tat org.testng.TestNG.run(TestNG.java:1079)\r\n\tat com.intellij.rt.testng.IDEARemoteTestNG.run(IDEARemoteTestNG.java:65)\r\n\tat com.intellij.rt.testng.RemoteTestNGStarter.main(RemoteTestNGStarter.java:105)\r\n","flaky":false,"newFailed":false,"newBroken":false,"newPassed":false,"retriesCount":1,"retriesStatusChange":false,"beforeStages":[],"testStage":{"status":"failed","statusMessage":"expected [2] but found [4]","statusTrace":"java.lang.AssertionError: expected [2] but found [4]\r\n\tat org.testng.Assert.fail(Assert.java:111)\r\n\tat org.testng.Assert.failNotEquals(Assert.java:1578)\r\n\tat org.testng.Assert.assertEqualsImpl(Assert.java:150)\r\n\tat org.testng.Assert.assertEquals(Assert.java:132)\r\n\tat org.testng.Assert.assertEquals(Assert.java:1419)\r\n\tat org.testng.Assert.assertEquals(Assert.java:1383)\r\n\tat org.testng.Assert.assertEquals(Assert.java:1429)\r\n\tat utils.GeneralAssertions.generalAssert(GeneralAssertions.java:12)\r\n\tat AssignPermissions.sendPostRequest(AssignPermissions.java:76)\r\n\tat AssignPermissions.testAssignUserToModule(AssignPermissions.java:137)\r\n\tat java.base/jdk.internal.reflect.DirectMethodHandleAccessor.invoke(DirectMethodHandleAccessor.java:103)\r\n\tat java.base/java.lang.reflect.Method.invoke(Method.java:580)\r\n\tat org.testng.internal.invokers.MethodInvocationHelper.invokeMethod(MethodInvocationHelper.java:141)\r\n\tat org.testng.internal.invokers.TestInvoker.invokeMethod(TestInvoker.java:686)\r\n\tat org.testng.internal.invokers.TestInvoker.invokeTestMethod(TestInvoker.java:230)\r\n\tat org.testng.internal.invokers.MethodRunner.runInSequence(MethodRunner.java:63)\r\n\tat org.testng.internal.invokers.TestInvoker$MethodInvocationAgent.invoke(TestInvoker.java:992)\r\n\tat org.testng.internal.invokers.TestInvoker.invokeTestMethods(TestInvoker.java:203)\r\n\tat org.testng.internal.invokers.TestMethodWorker.invokeTestMethods(TestMethodWorker.java:154)\r\n\tat org.testng.internal.invokers.TestMethodWorker.run(TestMethodWorker.java:134)\r\n\tat java.base/java.util.ArrayList.forEach(ArrayList.java:1597)\r\n\tat org.testng.TestRunner.privateRun(TestRunner.java:739)\r\n\tat org.testng.TestRunner.run(TestRunner.java:614)\r\n\tat org.testng.SuiteRunner.runTest(SuiteRunner.java:421)\r\n\tat org.testng.SuiteRunner.runSequentially(SuiteRunner.java:413)\r\n\tat org.testng.SuiteRunner.privateRun(SuiteRunner.java:373)\r\n\tat org.testng.SuiteRunner.run(SuiteRunner.java:312)\r\n\tat org.testng.SuiteRunnerWorker.runSuite(SuiteRunnerWorker.java:52)\r\n\tat org.testng.SuiteRunnerWorker.run(SuiteRunnerWorker.java:95)\r\n\tat org.testng.TestNG.runSuitesSequentially(TestNG.java:1274)\r\n\tat org.testng.TestNG.runSuitesLocally(TestNG.java:1208)\r\n\tat org.testng.TestNG.runSuites(TestNG.java:1112)\r\n\tat org.testng.TestNG.run(TestNG.java:1079)\r\n\tat com.intellij.rt.testng.IDEARemoteTestNG.run(IDEARemoteTestNG.java:65)\r\n\tat com.intellij.rt.testng.RemoteTestNGStarter.main(RemoteTestNGStarter.java:105)\r\n","steps":[],"attachments":[{"uid":"1697199ea93d748b","name":"endPoint","source":"1697199ea93d748b.txt","type":"text/plain","size":71},{"uid":"c4696e6201e5adb9","name":"method","source":"c4696e6201e5adb9.txt","type":"text/plain","size":4},{"uid":"f80b149c7a086ed4","name":"Request Body","source":"f80b149c7a086ed4.txt","type":"application/json","size":144},{"uid":"89e361f5b631a5a6","name":"Response Body","source":"89e361f5b631a5a6.json","type":"application/json","size":491}],"parameters":[],"shouldDisplayMessage":true,"attachmentsCount":4,"hasContent":true,"stepsCount":0,"attachmentStep":false},"afterStages":[],"labels":[{"name":"package","value":"AssignPermissions"},{"name":"testClass","value":"AssignPermissions"},{"name":"testMethod","value":"testAssignUserToModule"},{"name":"parentSuite","value":"rieaya Suite"},{"name":"suite","value":"test"},{"name":"subSuite","value":"AssignPermissions"},{"name":"host","value":"DESKTOP-7BRLNTJ"},{"name":"thread","value":"23108@DESKTOP-7BRLNTJ.main(1)"},{"name":"framework","value":"testng"},{"name":"language","value":"java"},{"name":"resultFormat","value":"allure2"}],"parameters":[],"links":[],"hidden":false,"retry":false,"extra":{"severity":"normal","retries":[{"uid":"c59ab7711a4b856d","status":"failed","statusDetails":"expected [2] but found [4]","time":{"start":1756016720427,"stop":1756016720725,"duration":298}}],"categories":[{"name":"Product defects","matchedStatuses":[]}],"tags":[]},"source":"34e6a1d8cfa7caae.json","parameterValues":[]}