{"uid":"69daab31a7c4a7f7","name":"testAssignPermissionToAdminStaff","fullName":"AssignPermissions.testAssignPermissionToAdminStaff","historyId":"edf6e54200ce084e78a013f29896af47","time":{"start":1756020177349,"stop":1756020177684,"duration":335},"status":"failed","statusMessage":"expected [2] but found [5]","statusTrace":"java.lang.AssertionError: expected [2] but found [5]\r\n\tat org.testng.Assert.fail(Assert.java:111)\r\n\tat org.testng.Assert.failNotEquals(Assert.java:1578)\r\n\tat org.testng.Assert.assertEqualsImpl(Assert.java:150)\r\n\tat org.testng.Assert.assertEquals(Assert.java:132)\r\n\tat org.testng.Assert.assertEquals(Assert.java:1419)\r\n\tat org.testng.Assert.assertEquals(Assert.java:1383)\r\n\tat org.testng.Assert.assertEquals(Assert.java:1429)\r\n\tat utils.GeneralAssertions.generalAssert(GeneralAssertions.java:12)\r\n\tat AssignPermissions.sendPostRequest(AssignPermissions.java:76)\r\n\tat AssignPermissions.testAssignPermissionToAdminStaff(AssignPermissions.java:86)\r\n\tat java.base/jdk.internal.reflect.DirectMethodHandleAccessor.invoke(DirectMethodHandleAccessor.java:103)\r\n\tat java.base/java.lang.reflect.Method.invoke(Method.java:580)\r\n\tat org.testng.internal.invokers.MethodInvocationHelper.invokeMethod(MethodInvocationHelper.java:141)\r\n\tat org.testng.internal.invokers.TestInvoker.invokeMethod(TestInvoker.java:686)\r\n\tat org.testng.internal.invokers.TestInvoker.invokeTestMethod(TestInvoker.java:230)\r\n\tat org.testng.internal.invokers.MethodRunner.runInSequence(MethodRunner.java:63)\r\n\tat org.testng.internal.invokers.TestInvoker$MethodInvocationAgent.invoke(TestInvoker.java:992)\r\n\tat org.testng.internal.invokers.TestInvoker.invokeTestMethods(TestInvoker.java:203)\r\n\tat org.testng.internal.invokers.TestMethodWorker.invokeTestMethods(TestMethodWorker.java:154)\r\n\tat org.testng.internal.invokers.TestMethodWorker.run(TestMethodWorker.java:134)\r\n\tat java.base/java.util.ArrayList.forEach(ArrayList.java:1597)\r\n\tat org.testng.TestRunner.privateRun(TestRunner.java:739)\r\n\tat org.testng.TestRunner.run(TestRunner.java:614)\r\n\tat org.testng.SuiteRunner.runTest(SuiteRunner.java:421)\r\n\tat org.testng.SuiteRunner.runSequentially(SuiteRunner.java:413)\r\n\tat org.testng.SuiteRunner.privateRun(SuiteRunner.java:373)\r\n\tat org.testng.SuiteRunner.run(SuiteRunner.java:312)\r\n\tat org.testng.SuiteRunnerWorker.runSuite(SuiteRunnerWorker.java:52)\r\n\tat org.testng.SuiteRunnerWorker.run(SuiteRunnerWorker.java:95)\r\n\tat org.testng.TestNG.runSuitesSequentially(TestNG.java:1274)\r\n\tat org.testng.TestNG.runSuitesLocally(TestNG.java:1208)\r\n\tat org.testng.TestNG.runSuites(TestNG.java:1112)\r\n\tat org.testng.TestNG.run(TestNG.java:1079)\r\n\tat com.intellij.rt.testng.IDEARemoteTestNG.run(IDEARemoteTestNG.java:65)\r\n\tat com.intellij.rt.testng.RemoteTestNGStarter.main(RemoteTestNGStarter.java:105)\r\n","flaky":false,"newFailed":false,"newBroken":false,"newPassed":false,"retriesCount":1,"retriesStatusChange":false,"beforeStages":[],"testStage":{"status":"failed","statusMessage":"expected [2] but found [5]","statusTrace":"java.lang.AssertionError: expected [2] but found [5]\r\n\tat org.testng.Assert.fail(Assert.java:111)\r\n\tat org.testng.Assert.failNotEquals(Assert.java:1578)\r\n\tat org.testng.Assert.assertEqualsImpl(Assert.java:150)\r\n\tat org.testng.Assert.assertEquals(Assert.java:132)\r\n\tat org.testng.Assert.assertEquals(Assert.java:1419)\r\n\tat org.testng.Assert.assertEquals(Assert.java:1383)\r\n\tat org.testng.Assert.assertEquals(Assert.java:1429)\r\n\tat utils.GeneralAssertions.generalAssert(GeneralAssertions.java:12)\r\n\tat AssignPermissions.sendPostRequest(AssignPermissions.java:76)\r\n\tat AssignPermissions.testAssignPermissionToAdminStaff(AssignPermissions.java:86)\r\n\tat java.base/jdk.internal.reflect.DirectMethodHandleAccessor.invoke(DirectMethodHandleAccessor.java:103)\r\n\tat java.base/java.lang.reflect.Method.invoke(Method.java:580)\r\n\tat org.testng.internal.invokers.MethodInvocationHelper.invokeMethod(MethodInvocationHelper.java:141)\r\n\tat org.testng.internal.invokers.TestInvoker.invokeMethod(TestInvoker.java:686)\r\n\tat org.testng.internal.invokers.TestInvoker.invokeTestMethod(TestInvoker.java:230)\r\n\tat org.testng.internal.invokers.MethodRunner.runInSequence(MethodRunner.java:63)\r\n\tat org.testng.internal.invokers.TestInvoker$MethodInvocationAgent.invoke(TestInvoker.java:992)\r\n\tat org.testng.internal.invokers.TestInvoker.invokeTestMethods(TestInvoker.java:203)\r\n\tat org.testng.internal.invokers.TestMethodWorker.invokeTestMethods(TestMethodWorker.java:154)\r\n\tat org.testng.internal.invokers.TestMethodWorker.run(TestMethodWorker.java:134)\r\n\tat java.base/java.util.ArrayList.forEach(ArrayList.java:1597)\r\n\tat org.testng.TestRunner.privateRun(TestRunner.java:739)\r\n\tat org.testng.TestRunner.run(TestRunner.java:614)\r\n\tat org.testng.SuiteRunner.runTest(SuiteRunner.java:421)\r\n\tat org.testng.SuiteRunner.runSequentially(SuiteRunner.java:413)\r\n\tat org.testng.SuiteRunner.privateRun(SuiteRunner.java:373)\r\n\tat org.testng.SuiteRunner.run(SuiteRunner.java:312)\r\n\tat org.testng.SuiteRunnerWorker.runSuite(SuiteRunnerWorker.java:52)\r\n\tat org.testng.SuiteRunnerWorker.run(SuiteRunnerWorker.java:95)\r\n\tat org.testng.TestNG.runSuitesSequentially(TestNG.java:1274)\r\n\tat org.testng.TestNG.runSuitesLocally(TestNG.java:1208)\r\n\tat org.testng.TestNG.runSuites(TestNG.java:1112)\r\n\tat org.testng.TestNG.run(TestNG.java:1079)\r\n\tat com.intellij.rt.testng.IDEARemoteTestNG.run(IDEARemoteTestNG.java:65)\r\n\tat com.intellij.rt.testng.RemoteTestNGStarter.main(RemoteTestNGStarter.java:105)\r\n","steps":[],"attachments":[{"uid":"2b04bad381a2aec4","name":"endPoint","source":"2b04bad381a2aec4.txt","type":"text/plain","size":82},{"uid":"efed7b0429440476","name":"method","source":"efed7b0429440476.txt","type":"text/plain","size":4},{"uid":"5606b00d9c8907ac","name":"Request Body","source":"5606b00d9c8907ac.txt","type":"application/json","size":123},{"uid":"f95272095a2025c0","name":"Response Body","source":"f95272095a2025c0.json","type":"application/json","size":0}],"parameters":[],"shouldDisplayMessage":true,"attachmentsCount":4,"hasContent":true,"stepsCount":0,"attachmentStep":false},"afterStages":[],"labels":[{"name":"package","value":"AssignPermissions"},{"name":"testClass","value":"AssignPermissions"},{"name":"testMethod","value":"testAssignPermissionToAdminStaff"},{"name":"parentSuite","value":"rieaya Suite"},{"name":"suite","value":"test"},{"name":"subSuite","value":"AssignPermissions"},{"name":"host","value":"DESKTOP-7BRLNTJ"},{"name":"thread","value":"23108@DESKTOP-7BRLNTJ.main(1)"},{"name":"framework","value":"testng"},{"name":"language","value":"java"},{"name":"resultFormat","value":"allure2"}],"parameters":[],"links":[],"hidden":false,"retry":false,"extra":{"severity":"normal","retries":[{"uid":"ecf270d2165c499e","status":"failed","statusDetails":"expected [2] but found [5]","time":{"start":1756016718536,"stop":1756016718808,"duration":272}}],"categories":[{"name":"Product defects","matchedStatuses":[]}],"tags":[]},"source":"69daab31a7c4a7f7.json","parameterValues":[]}